<?xml version="1.0" encoding="UTF-8"?>
<testng-results skipped="0" failed="0" ignored="0" total="1" passed="1">
  <reporter-output>
  </reporter-output>
  <suite name="BDD Test Suite" duration-ms="129" started-at="2020-11-01T16:00:58Z" finished-at="2020-11-01T16:00:58Z">
    <groups>
      <group name="cucumber">
        <method signature="CommonTestBase.feature(cucumber.api.testng.CucumberFeatureWrapper)[pri:0, instance:com.adidas.onlineshop.runner.CommonRunner@1f97cf0d]" name="feature" class="com.adidas.onlineshop.commonutils.CommonTestBase"/>
      </group> <!-- cucumber -->
    </groups>
    <test name="Regression Test" duration-ms="129" started-at="2020-11-01T16:00:58Z" finished-at="2020-11-01T16:00:58Z">
      <class name="com.adidas.onlineshop.runner.CommonRunner">
        <test-method status="PASS" signature="setUpClass()[pri:0, instance:com.adidas.onlineshop.runner.CommonRunner@1f97cf0d]" name="setUpClass" is-config="true" duration-ms="421" started-at="2020-11-01T16:00:57Z" finished-at="2020-11-01T16:00:58Z">
          <reporter-output>
          </reporter-output>
        </test-method> <!-- setUpClass -->
        <test-method status="PASS" signature="feature(cucumber.api.testng.CucumberFeatureWrapper)[pri:0, instance:com.adidas.onlineshop.runner.CommonRunner@1f97cf0d]" name="feature" duration-ms="28" started-at="2020-11-01T16:00:58Z" description="Runs Cucumber Feature" data-provider="features" finished-at="2020-11-01T16:00:58Z">
          <params>
            <param index="0">
              <value>
                <![CDATA[Demo Online Shopping]]>
              </value>
            </param>
          </params>
          <reporter-output>
          </reporter-output>
        </test-method> <!-- feature -->
        <test-method status="PASS" signature="tearDownClass()[pri:0, instance:com.adidas.onlineshop.runner.CommonRunner@1f97cf0d]" name="tearDownClass" is-config="true" duration-ms="5" started-at="2020-11-01T16:01:03Z" finished-at="2020-11-01T16:01:03Z">
          <reporter-output>
          </reporter-output>
        </test-method> <!-- tearDownClass -->
      </class> <!-- com.adidas.onlineshop.runner.CommonRunner -->
    </test> <!-- Regression Test -->
  </suite> <!-- BDD Test Suite -->
</testng-results>
